<?xml version="1.0" encoding="UTF-8"?>
<testsuite name="com.evalartapp.tasks.runners.CyclesRunner" tests="0" skipped="0" failures="0" errors="0" timestamp="1970-01-01T00:00:00" hostname="DESKTOP-4LIGFL2" time="0.0">
  <properties/>
  <system-out><![CDATA[
?[31mFailed scenarios:?[0m
?[31msrc/test/resources/features/cycles.feature:12 ?[0m# execute cycle 1 to 10 successfully

1 Scenarios (?[31m1 failed?[0m)
6 Steps (?[31m1 failed?[0m, ?[36m3 skipped?[0m, ?[32m2 passed?[0m)
0m16,145s

java.lang.AssertionError: Expected condition failed: waiting for By.xpath: //p[@class= 'text-xl text-center text-green-500'] to be displayed (tried for 5 second(s) with 100 milliseconds interval)
Build info: version: '3.11.0', revision: 'e59cfb3', time: '2018-03-11T20:26:55.152Z'
System info: host: 'DESKTOP-4LIGFL2', ip: '192.168.1.108', os.name: 'Windows 10', os.arch: 'amd64', os.version: '10.0', java.version: '1.8.0_341'
Driver info: driver.version: unknown
	at net.serenitybdd.screenplay.ErrorTally.throwSummaryExceptionFrom(ErrorTally.java:36)
	at net.serenitybdd.screenplay.ErrorTally.reportAnyErrors(ErrorTally.java:30)
	at net.serenitybdd.screenplay.Actor.should(Actor.java:187)
	at com.evalartapp.tasks.stepdefinitions.LoginEvalartStepDefinitions.iCanSeeTheFirstCycle(LoginEvalartStepDefinitions.java:35)
	at ?.I can see Se encuentra en el ciclo 1 de 10(src/test/resources/features/cycles.feature:8)

]]></system-out>
  <system-err><![CDATA[[Test worker] INFO net.serenitybdd.core.Serenity - ?[36m

-------------------------------------------------------------------------------------
     _______. _______ .______       _______ .__   __.  __  .___________.____    ____ 
    /       ||   ____||   _  \     |   ____||  \ |  | |  | |           |\   \  /   / 
   |   (----`|  |__   |  |_)  |    |  |__   |   \|  | |  | `---|  |----` \   \/   /  
    \   \    |   __|  |      /     |   __|  |  . `  | |  |     |  |       \_    _/   
.----)   |   |  |____ |  |\  \----.|  |____ |  |\   | |  |     |  |         |  |     
|_______/    |_______|| _| `._____||_______||__| \__| |__|     |__|         |__|    
                                                                                     
 News and tutorials at http://www.serenity-bdd.info                                  
 Documentation at https://wakaleo.gitbooks.io/the-serenity-book/content/             
 Join the Serenity Community on Rocket Chat at https://serenity-bdd.rocket.chat      
 Serenity BDD Support and Training at http://serenity-bdd.info/#/trainingandsupport  
 Learn Serenity BDD online at http://serenity-dojo.com                               
-------------------------------------------------------------------------------------
?[0m
[Test worker] INFO net.serenitybdd.core.Serenity - Test Suite Started: as a user I want to perform the cycles from 1 to 10 on the evalart page.
[Test worker] INFO net.serenitybdd.core.Serenity - 
 _____ _____ ____ _____   ____ _____  _    ____ _____ _____ ____  
|_   _| ____/ ___|_   _| / ___|_   _|/ \  |  _ \_   _| ____|  _ \ 
  | | |  _| \___ \ | |   \___ \ | | / _ \ | |_) || | |  _| | | | |
  | | | |___ ___) || |    ___) || |/ ___ \|  _ < | | | |___| |_| |
  |_| |_____|____/ |_|   |____/ |_/_/   \_\_| \_\|_| |_____|____/ 
                                                                  

TEST STARTED: execute cycle 1 to 10 successfully
-------------------------------------------------------------------(as-a-user-i-want-to-perform-the-cycles-from-1-to-10-on-the-evalart-page.;execute-cycle-1-to-10-successfully)
[Test worker] ERROR net.serenitybdd.core.Serenity - 
           __  _____ _____ ____ _____   _____ _    ___ _     _____ ____  
  _       / / |_   _| ____/ ___|_   _| |  ___/ \  |_ _| |   | ____|  _ \ 
 (_)_____| |    | | |  _| \___ \ | |   | |_ / _ \  | || |   |  _| | | | |
  _|_____| |    | | | |___ ___) || |   |  _/ ___ \ | || |___| |___| |_| |
 (_)     | |    |_| |_____|____/ |_|   |_|/_/   \_\___|_____|_____|____/ 
          \_\                                                            

TEST FAILED WITH ERROR: execute cycle 1 to 10 successfully
---------------------------------------------------------------------
[Test worker] ERROR net.serenitybdd.core.Serenity - TEST FAILED AT STEP Then login verify
[Test worker] ERROR net.serenitybdd.core.Serenity - Expected condition failed: waiting for By.xpath: //p[@class= 'text-xl text-center text-green-500'] to be displayed (tried for 5 second(s) with 100 milliseconds interval)Build info: version: '3.11.0', revision: 'e59cfb3', time: '2018-03-11T20:26:55.152Z'System info: host: 'DESKTOP-4LIGFL2', ip: '192.168.1.108', os.name: 'Windows 10', os.arch: 'amd64', os.version: '10.0', java.version: '1.8.0_341'Driver info: driver.version: unknown
]]></system-err>
</testsuite>
